2013/11/19 03:09:26 PM Pid:06108 Tid:05764 [zxUpdatesLib] Begin
2013/11/19 03:09:26 PM Pid:06108 Tid:05764 [zxUpdatesLib] Update Target : d:\CodeTest\Quicker 8\Release\Quickly.exe
2013/11/19 03:09:26 PM Pid:06108 Tid:05764 [zxUpdatesLib] Current Version 1.0.13.1108
2013/11/19 03:09:26 PM Pid:06108 Tid:05764 [zxUpdatesLib] Try to http://zextor.net/patch/quickly.exe.inf, Status 0, Ret 0, LE 12029
2013/11/19 03:09:26 PM Pid:06108 Tid:05764 [zxUpdatesLib] End 0
2014/01/22 01:41:03 PM Pid:06740 Tid:03088 [zxUpdatesLib] Begin
2014/01/22 01:41:03 PM Pid:06740 Tid:03088 [zxUpdatesLib] Update Target : d:\CodeTest\Quicker 8\Release\Quickly.exe
2014/01/22 01:41:03 PM Pid:06740 Tid:03088 [zxUpdatesLib] Current Version 1.0.13.1108
2014/01/22 01:41:04 PM Pid:06740 Tid:03088 [zxUpdatesLib] Try to http://zextor.net/patch/quickly.exe.inf, Status 0, Ret 0, LE 12029
2014/01/22 01:41:04 PM Pid:06740 Tid:03088 [zxUpdatesLib] End 0
2014/01/22 01:52:23 PM Pid:06456 Tid:07900 [zxUpdatesLib] Begin
2014/01/22 01:52:23 PM Pid:06456 Tid:07900 [zxUpdatesLib] Update Target : d:\CodeTest\Quicker 8\Release\Quickly.exe
2014/01/22 01:52:23 PM Pid:06456 Tid:07900 [zxUpdatesLib] Current Version 1.0.13.1108
2014/01/22 01:52:23 PM Pid:06456 Tid:07900 [zxUpdatesLib] Try to http://zextor.net/patch/quickly.exe.inf, Status 0, Ret 0, LE 12029
2014/01/22 01:52:23 PM Pid:06456 Tid:07900 [zxUpdatesLib] End 0
2014/01/22 01:53:46 PM Pid:07032 Tid:07664 [zxUpdatesLib] Begin
2014/01/22 01:53:46 PM Pid:07032 Tid:07664 [zxUpdatesLib] Update Target : d:\CodeTest\Quicker 8\Release\Quickly.exe
2014/01/22 01:53:46 PM Pid:07032 Tid:07664 [zxUpdatesLib] Current Version 1.0.13.1108
2014/01/22 01:53:46 PM Pid:07032 Tid:07664 [zxUpdatesLib] Try to http://zextor.net/patch/quickly.exe.inf, Status 0, Ret 0, LE 12029
2014/01/22 01:53:46 PM Pid:07032 Tid:07664 [zxUpdatesLib] End 0
2014/01/22 03:57:15 PM Pid:06028 Tid:04676 [zxUpdatesLib] Begin
2014/01/22 03:57:15 PM Pid:06028 Tid:04676 [zxUpdatesLib] Update Target : d:\CodeTest\Quicker 8\Release\Quickly.exe
2014/01/22 03:57:15 PM Pid:06028 Tid:04676 [zxUpdatesLib] Current Version 1.0.13.1108
2014/01/22 03:57:15 PM Pid:06028 Tid:04676 [zxUpdatesLib] Try to http://zextor.net/patch/quickly.exe.inf, Status 0, Ret 0, LE 12029
2014/01/22 03:57:15 PM Pid:06028 Tid:04676 [zxUpdatesLib] End 0
2014/01/22 03:57:42 PM Pid:08772 Tid:09072 [zxUpdatesLib] Begin
2014/01/22 03:57:42 PM Pid:08772 Tid:09072 [zxUpdatesLib] Update Target : d:\CodeTest\Quicker 8\Release\Quickly.exe
2014/01/22 03:57:42 PM Pid:08772 Tid:09072 [zxUpdatesLib] Current Version 1.0.13.1108
2014/01/22 03:57:42 PM Pid:08772 Tid:09072 [zxUpdatesLib] Try to http://zextor.net/patch/quickly.exe.inf, Status 0, Ret 0, LE 12029
2014/01/22 03:57:42 PM Pid:08772 Tid:09072 [zxUpdatesLib] End 0
2014/01/22 03:58:47 PM Pid:08708 Tid:08316 [zxUpdatesLib] Begin
2014/01/22 03:58:47 PM Pid:08708 Tid:08316 [zxUpdatesLib] Update Target : d:\CodeTest\Quicker 8\Release\Quickly.exe
2014/01/22 03:58:47 PM Pid:08708 Tid:08316 [zxUpdatesLib] Current Version 1.0.13.1108
2014/01/22 03:58:47 PM Pid:08708 Tid:08316 [zxUpdatesLib] Try to http://zextor.net/patch/quickly.exe.inf, Status 0, Ret 0, LE 12029
2014/01/22 03:58:47 PM Pid:08708 Tid:08316 [zxUpdatesLib] End 0
2014/01/22 04:01:52 PM Pid:07032 Tid:08452 [zxUpdatesLib] Begin
2014/01/22 04:01:52 PM Pid:07032 Tid:08452 [zxUpdatesLib] Update Target : d:\CodeTest\Quicker 8\Release\Quickly.exe
2014/01/22 04:01:52 PM Pid:07032 Tid:08452 [zxUpdatesLib] Current Version 1.0.13.1108
2014/01/22 04:01:52 PM Pid:07032 Tid:08452 [zxUpdatesLib] Try to http://zextor.net/patch/quickly.exe.inf, Status 0, Ret 0, LE 12029
2014/01/22 04:01:52 PM Pid:07032 Tid:08452 [zxUpdatesLib] End 0
2014/01/22 04:03:14 PM Pid:08468 Tid:08596 [zxUpdatesLib] Begin
2014/01/22 04:03:14 PM Pid:08468 Tid:08596 [zxUpdatesLib] Update Target : d:\CodeTest\Quicker 8\Release\Quickly.exe
2014/01/22 04:03:14 PM Pid:08468 Tid:08596 [zxUpdatesLib] Current Version 1.0.13.1108
2014/01/22 04:03:14 PM Pid:08468 Tid:08596 [zxUpdatesLib] Try to http://zextor.net/patch/quickly.exe.inf, Status 0, Ret 0, LE 12029
2014/01/22 04:03:14 PM Pid:08468 Tid:08596 [zxUpdatesLib] End 0
2014/01/22 04:06:44 PM Pid:06640 Tid:09132 [zxUpdatesLib] Begin
2014/01/22 04:06:44 PM Pid:06640 Tid:09132 [zxUpdatesLib] Update Target : d:\CodeTest\Quicker 8\Release\Quickly.exe
2014/01/22 04:06:44 PM Pid:06640 Tid:09132 [zxUpdatesLib] Current Version 1.0.13.1108
2014/01/22 04:06:44 PM Pid:06640 Tid:09132 [zxUpdatesLib] Try to http://zextor.net/patch/quickly.exe.inf, Status 0, Ret 0, LE 12029
2014/01/22 04:06:44 PM Pid:06640 Tid:09132 [zxUpdatesLib] End 0
2014/01/22 04:15:07 PM Pid:05704 Tid:08912 [zxUpdatesLib] Begin
2014/01/22 04:15:07 PM Pid:05704 Tid:08912 [zxUpdatesLib] Update Target : d:\CodeTest\Quicker 8\Release\Quickly.exe
2014/01/22 04:15:07 PM Pid:05704 Tid:08912 [zxUpdatesLib] Current Version 1.0.13.1108
2014/01/22 04:15:07 PM Pid:05704 Tid:08912 [zxUpdatesLib] Try to http://zextor.net/patch/quickly.exe.inf, Status 0, Ret 0, LE 12029
2014/01/22 04:15:07 PM Pid:05704 Tid:08912 [zxUpdatesLib] End 0
2014/01/22 04:26:30 PM Pid:09144 Tid:08776 [zxUpdatesLib] Begin
2014/01/22 04:26:30 PM Pid:09144 Tid:08776 [zxUpdatesLib] Update Target : d:\CodeTest\Quicker 8\Release\Quickly.exe
2014/01/22 04:26:30 PM Pid:09144 Tid:08776 [zxUpdatesLib] Current Version 1.0.13.1108
2014/01/22 04:26:30 PM Pid:09144 Tid:08776 [zxUpdatesLib] Try to http://zextor.net/patch/quickly.exe.inf, Status 0, Ret 0, LE 12029
2014/01/22 04:26:30 PM Pid:09144 Tid:08776 [zxUpdatesLib] End 0
2014/01/22 05:31:01 PM Pid:09180 Tid:05388 [zxUpdatesLib] Begin
2014/01/22 05:31:01 PM Pid:09180 Tid:05388 [zxUpdatesLib] Update Target : d:\CodeTest\Quicker 8\Release\Quickly.exe
2014/01/22 05:31:01 PM Pid:09180 Tid:05388 [zxUpdatesLib] Current Version 1.0.13.1108
2014/01/22 05:31:01 PM Pid:09180 Tid:05388 [zxUpdatesLib] Try to http://zextor.net/patch/quickly.exe.inf, Status 0, Ret 0, LE 12029
2014/01/22 05:31:01 PM Pid:09180 Tid:05388 [zxUpdatesLib] End 0
